[0.077s] DEBUG:colcon:Command line arguments: ['/usr/bin/colcon', 'build', '--symlink-install']
[0.077s] DEBUG:colcon:Parsed command line arguments: Namespace(log_base=None, log_level=None, verb_name='build', build_base='build', install_base='install', merge_install=False, symlink_install=True, test_result_base=None, continue_on_error=False, executor='parallel', parallel_workers=4, event_handlers=None, ignore_user_meta=False, metas=['./colcon.meta'], base_paths=['.'], packages_ignore=None, packages_ignore_regex=None, paths=None, packages_up_to=None, packages_up_to_regex=None, packages_above=None, packages_above_and_dependencies=None, packages_above_depth=None, packages_select_by_dep=None, packages_skip_by_dep=None, packages_skip_up_to=None, packages_select_build_failed=False, packages_skip_build_finished=False, packages_select_test_failures=False, packages_skip_test_passed=False, packages_select=None, packages_skip=None, packages_select_regex=None, packages_skip_regex=None, packages_start=None, packages_end=None, allow_overriding=[], cmake_args=None, cmake_target=None, cmake_target_skip_unavailable=False, cmake_clean_cache=False, cmake_clean_first=False, cmake_force_configure=False, ament_cmake_args=None, catkin_cmake_args=None, catkin_skip_building_tests=False, verb_parser=<colcon_defaults.argument_parser.defaults.DefaultArgumentsDecorator object at 0x79d266d7be20>, verb_extension=<colcon_core.verb.build.BuildVerb object at 0x79d266eb9960>, main=<bound method BuildVerb.main of <colcon_core.verb.build.BuildVerb object at 0x79d266eb9960>>)
[0.230s] Level 1:colcon.colcon_core.package_discovery:discover_packages(colcon_meta) check parameters
[0.230s] Level 1:colcon.colcon_core.package_discovery:discover_packages(recursive) check parameters
[0.230s] Level 1:colcon.colcon_core.package_discovery:discover_packages(ignore) check parameters
[0.230s] Level 1:colcon.colcon_core.package_discovery:discover_packages(path) check parameters
[0.230s] Level 1:colcon.colcon_core.package_discovery:discover_packages(colcon_meta) discover
[0.230s] Level 1:colcon.colcon_core.package_discovery:discover_packages(recursive) discover
[0.230s] INFO:colcon.colcon_core.package_discovery:Crawling recursively for packages in '/home/achadansori/STM32CubeIDE/demolition_robot_development/brokk_demolition_sim'
[0.230s] Level 1:colcon.colcon_core.package_identification:_identify(.) by extensions ['ignore', 'ignore_ament_install']
[0.230s] Level 1:colcon.colcon_core.package_identification:_identify(.) by extension 'ignore'
[0.230s] Level 1:colcon.colcon_core.package_identification:_identify(.) by extension 'ignore_ament_install'
[0.230s] Level 1:colcon.colcon_core.package_identification:_identify(.) by extensions ['colcon_pkg']
[0.230s] Level 1:colcon.colcon_core.package_identification:_identify(.) by extension 'colcon_pkg'
[0.230s] Level 1:colcon.colcon_core.package_identification:_identify(.) by extensions ['colcon_meta']
[0.230s] Level 1:colcon.colcon_core.package_identification:_identify(.) by extension 'colcon_meta'
[0.230s] Level 1:colcon.colcon_core.package_identification:_identify(.) by extensions ['ros']
[0.230s] Level 1:colcon.colcon_core.package_identification:_identify(.) by extension 'ros'
[0.248s] Level 1:colcon.colcon_core.package_identification:_identify(.) by extensions ['cmake', 'python']
[0.248s] Level 1:colcon.colcon_core.package_identification:_identify(.) by extension 'cmake'
[0.248s] Level 1:colcon.colcon_core.package_identification:_identify(.) by extension 'python'
[0.248s] Level 1:colcon.colcon_core.package_identification:_identify(.) by extensions ['python_setup_py']
[0.248s] Level 1:colcon.colcon_core.package_identification:_identify(.) by extension 'python_setup_py'
[0.248s] Level 1:colcon.colcon_core.package_identification:_identify(build) by extensions ['ignore', 'ignore_ament_install']
[0.248s] Level 1:colcon.colcon_core.package_identification:_identify(build) by extension 'ignore'
[0.248s] Level 1:colcon.colcon_core.package_identification:_identify(build) ignored
[0.248s] Level 1:colcon.colcon_core.package_identification:_identify(install) by extensions ['ignore', 'ignore_ament_install']
[0.248s] Level 1:colcon.colcon_core.package_identification:_identify(install) by extension 'ignore'
[0.248s] Level 1:colcon.colcon_core.package_identification:_identify(install) ignored
[0.248s] Level 1:colcon.colcon_core.package_identification:_identify(log) by extensions ['ignore', 'ignore_ament_install']
[0.248s] Level 1:colcon.colcon_core.package_identification:_identify(log) by extension 'ignore'
[0.248s] Level 1:colcon.colcon_core.package_identification:_identify(log) ignored
[0.248s] Level 1:colcon.colcon_core.package_identification:_identify(src) by extensions ['ignore', 'ignore_ament_install']
[0.248s] Level 1:colcon.colcon_core.package_identification:_identify(src) by extension 'ignore'
[0.248s] Level 1:colcon.colcon_core.package_identification:_identify(src) by extension 'ignore_ament_install'
[0.248s] Level 1:colcon.colcon_core.package_identification:_identify(src) by extensions ['colcon_pkg']
[0.248s] Level 1:colcon.colcon_core.package_identification:_identify(src) by extension 'colcon_pkg'
[0.248s] Level 1:colcon.colcon_core.package_identification:_identify(src) by extensions ['colcon_meta']
[0.248s] Level 1:colcon.colcon_core.package_identification:_identify(src) by extension 'colcon_meta'
[0.249s] Level 1:colcon.colcon_core.package_identification:_identify(src) by extensions ['ros']
[0.249s] Level 1:colcon.colcon_core.package_identification:_identify(src) by extension 'ros'
[0.249s] Level 1:colcon.colcon_core.package_identification:_identify(src) by extensions ['cmake', 'python']
[0.249s] Level 1:colcon.colcon_core.package_identification:_identify(src) by extension 'cmake'
[0.249s] Level 1:colcon.colcon_core.package_identification:_identify(src) by extension 'python'
[0.249s] Level 1:colcon.colcon_core.package_identification:_identify(src) by extensions ['python_setup_py']
[0.249s] Level 1:colcon.colcon_core.package_identification:_identify(src) by extension 'python_setup_py'
[0.249s] Level 1:colcon.colcon_core.package_identification:_identify(src/brokk_control) by extensions ['ignore', 'ignore_ament_install']
[0.249s] Level 1:colcon.colcon_core.package_identification:_identify(src/brokk_control) by extension 'ignore'
[0.249s] Level 1:colcon.colcon_core.package_identification:_identify(src/brokk_control) by extension 'ignore_ament_install'
[0.249s] Level 1:colcon.colcon_core.package_identification:_identify(src/brokk_control) by extensions ['colcon_pkg']
[0.249s] Level 1:colcon.colcon_core.package_identification:_identify(src/brokk_control) by extension 'colcon_pkg'
[0.249s] Level 1:colcon.colcon_core.package_identification:_identify(src/brokk_control) by extensions ['colcon_meta']
[0.249s] Level 1:colcon.colcon_core.package_identification:_identify(src/brokk_control) by extension 'colcon_meta'
[0.249s] Level 1:colcon.colcon_core.package_identification:_identify(src/brokk_control) by extensions ['ros']
[0.249s] Level 1:colcon.colcon_core.package_identification:_identify(src/brokk_control) by extension 'ros'
[0.251s] DEBUG:colcon.colcon_core.package_identification:Package 'src/brokk_control' with type 'ros.ament_python' and name 'brokk_control'
[0.251s] Level 1:colcon.colcon_core.package_identification:_identify(src/brokk_description) by extensions ['ignore', 'ignore_ament_install']
[0.251s] Level 1:colcon.colcon_core.package_identification:_identify(src/brokk_description) by extension 'ignore'
[0.251s] Level 1:colcon.colcon_core.package_identification:_identify(src/brokk_description) by extension 'ignore_ament_install'
[0.251s] Level 1:colcon.colcon_core.package_identification:_identify(src/brokk_description) by extensions ['colcon_pkg']
[0.251s] Level 1:colcon.colcon_core.package_identification:_identify(src/brokk_description) by extension 'colcon_pkg'
[0.251s] Level 1:colcon.colcon_core.package_identification:_identify(src/brokk_description) by extensions ['colcon_meta']
[0.251s] Level 1:colcon.colcon_core.package_identification:_identify(src/brokk_description) by extension 'colcon_meta'
[0.251s] Level 1:colcon.colcon_core.package_identification:_identify(src/brokk_description) by extensions ['ros']
[0.251s] Level 1:colcon.colcon_core.package_identification:_identify(src/brokk_description) by extension 'ros'
[0.252s] DEBUG:colcon.colcon_core.package_identification:Package 'src/brokk_description' with type 'ros.ament_cmake' and name 'brokk_description'
[0.252s] Level 1:colcon.colcon_core.package_discovery:discover_packages(recursive) using defaults
[0.252s] Level 1:colcon.colcon_core.package_discovery:discover_packages(ignore) discover
[0.252s] Level 1:colcon.colcon_core.package_discovery:discover_packages(ignore) using defaults
[0.252s] Level 1:colcon.colcon_core.package_discovery:discover_packages(path) discover
[0.252s] Level 1:colcon.colcon_core.package_discovery:discover_packages(path) using defaults
[0.267s] Level 1:colcon.colcon_core.package_discovery:discover_packages(prefix_path) check parameters
[0.267s] Level 1:colcon.colcon_core.package_discovery:discover_packages(prefix_path) discover
[0.268s] DEBUG:colcon.colcon_installed_package_information.package_discovery:Found 2 installed packages in /home/achadansori/STM32CubeIDE/demolition_robot_development/brokk_demolition_sim/install
[0.268s] DEBUG:colcon.colcon_installed_package_information.package_discovery:Found 1 installed packages in /home/achadansori/STM32CubeIDE/demolition_robot_development/install
[0.268s] DEBUG:colcon.colcon_installed_package_information.package_discovery:Found 1 installed packages in /home/achadansori/STM32CubeIDE/install
[0.270s] DEBUG:colcon.colcon_installed_package_information.package_discovery:Found 274 installed packages in /opt/ros/humble
[0.271s] Level 1:colcon.colcon_core.package_discovery:discover_packages(prefix_path) using defaults
[0.295s] Level 5:colcon.colcon_core.verb:set package 'brokk_control' build argument 'cmake_args' from command line to 'None'
[0.295s] Level 5:colcon.colcon_core.verb:set package 'brokk_control' build argument 'cmake_target' from command line to 'None'
[0.295s] Level 5:colcon.colcon_core.verb:set package 'brokk_control' build argument 'cmake_target_skip_unavailable' from command line to 'False'
[0.295s] Level 5:colcon.colcon_core.verb:set package 'brokk_control' build argument 'cmake_clean_cache' from command line to 'False'
[0.295s] Level 5:colcon.colcon_core.verb:set package 'brokk_control' build argument 'cmake_clean_first' from command line to 'False'
[0.295s] Level 5:colcon.colcon_core.verb:set package 'brokk_control' build argument 'cmake_force_configure' from command line to 'False'
[0.295s] Level 5:colcon.colcon_core.verb:set package 'brokk_control' build argument 'ament_cmake_args' from command line to 'None'
[0.295s] Level 5:colcon.colcon_core.verb:set package 'brokk_control' build argument 'catkin_cmake_args' from command line to 'None'
[0.295s] Level 5:colcon.colcon_core.verb:set package 'brokk_control' build argument 'catkin_skip_building_tests' from command line to 'False'
[0.296s] DEBUG:colcon.colcon_core.verb:Building package 'brokk_control' with the following arguments: {'ament_cmake_args': None, 'build_base': '/home/achadansori/STM32CubeIDE/demolition_robot_development/brokk_demolition_sim/build/brokk_control', 'catkin_cmake_args': None, 'catkin_skip_building_tests': False, 'cmake_args': None, 'cmake_clean_cache': False, 'cmake_clean_first': False, 'cmake_force_configure': False, 'cmake_target': None, 'cmake_target_skip_unavailable': False, 'install_base': '/home/achadansori/STM32CubeIDE/demolition_robot_development/brokk_demolition_sim/install/brokk_control', 'merge_install': False, 'path': '/home/achadansori/STM32CubeIDE/demolition_robot_development/brokk_demolition_sim/src/brokk_control', 'symlink_install': True, 'test_result_base': None}
[0.296s] Level 5:colcon.colcon_core.verb:set package 'brokk_description' build argument 'cmake_args' from command line to 'None'
[0.296s] Level 5:colcon.colcon_core.verb:set package 'brokk_description' build argument 'cmake_target' from command line to 'None'
[0.296s] Level 5:colcon.colcon_core.verb:set package 'brokk_description' build argument 'cmake_target_skip_unavailable' from command line to 'False'
[0.296s] Level 5:colcon.colcon_core.verb:set package 'brokk_description' build argument 'cmake_clean_cache' from command line to 'False'
[0.296s] Level 5:colcon.colcon_core.verb:set package 'brokk_description' build argument 'cmake_clean_first' from command line to 'False'
[0.296s] Level 5:colcon.colcon_core.verb:set package 'brokk_description' build argument 'cmake_force_configure' from command line to 'False'
[0.296s] Level 5:colcon.colcon_core.verb:set package 'brokk_description' build argument 'ament_cmake_args' from command line to 'None'
[0.296s] Level 5:colcon.colcon_core.verb:set package 'brokk_description' build argument 'catkin_cmake_args' from command line to 'None'
[0.296s] Level 5:colcon.colcon_core.verb:set package 'brokk_description' build argument 'catkin_skip_building_tests' from command line to 'False'
[0.296s] DEBUG:colcon.colcon_core.verb:Building package 'brokk_description' with the following arguments: {'ament_cmake_args': None, 'build_base': '/home/achadansori/STM32CubeIDE/demolition_robot_development/brokk_demolition_sim/build/brokk_description', 'catkin_cmake_args': None, 'catkin_skip_building_tests': False, 'cmake_args': None, 'cmake_clean_cache': False, 'cmake_clean_first': False, 'cmake_force_configure': False, 'cmake_target': None, 'cmake_target_skip_unavailable': False, 'install_base': '/home/achadansori/STM32CubeIDE/demolition_robot_development/brokk_demolition_sim/install/brokk_description', 'merge_install': False, 'path': '/home/achadansori/STM32CubeIDE/demolition_robot_development/brokk_demolition_sim/src/brokk_description', 'symlink_install': True, 'test_result_base': None}
[0.296s] INFO:colcon.colcon_core.executor:Executing jobs using 'parallel' executor
[0.297s] DEBUG:colcon.colcon_parallel_executor.executor.parallel:run_until_complete
[0.297s] INFO:colcon.colcon_ros.task.ament_python.build:Building ROS package in '/home/achadansori/STM32CubeIDE/demolition_robot_development/brokk_demolition_sim/src/brokk_control' with build type 'ament_python'
[0.297s] Level 1:colcon.colcon_core.shell:create_environment_hook('brokk_control', 'ament_prefix_path')
[0.298s] INFO:colcon.colcon_core.plugin_system:Skipping extension 'colcon_core.shell.bat': Not used on non-Windows systems
[0.298s] INFO:colcon.colcon_core.shell:Creating environment hook '/home/achadansori/STM32CubeIDE/demolition_robot_development/brokk_demolition_sim/install/brokk_control/share/brokk_control/hook/ament_prefix_path.ps1'
[0.299s] INFO:colcon.colcon_core.shell:Creating environment descriptor '/home/achadansori/STM32CubeIDE/demolition_robot_development/brokk_demolition_sim/install/brokk_control/share/brokk_control/hook/ament_prefix_path.dsv'
[0.299s] INFO:colcon.colcon_core.shell:Creating environment hook '/home/achadansori/STM32CubeIDE/demolition_robot_development/brokk_demolition_sim/install/brokk_control/share/brokk_control/hook/ament_prefix_path.sh'
[0.300s] INFO:colcon.colcon_core.shell:Skip shell extension 'powershell' for command environment: Not usable outside of PowerShell
[0.300s] DEBUG:colcon.colcon_core.shell:Skip shell extension 'dsv' for command environment
[0.301s] DEBUG:colcon.colcon_core.shell:Ignoring prefix path '/opt/ros/noetic'
[0.302s] INFO:colcon.colcon_ros.task.ament_cmake.build:Building ROS package in '/home/achadansori/STM32CubeIDE/demolition_robot_development/brokk_demolition_sim/src/brokk_description' with build type 'ament_cmake'
[0.302s] INFO:colcon.colcon_cmake.task.cmake.build:Building CMake package in '/home/achadansori/STM32CubeIDE/demolition_robot_development/brokk_demolition_sim/src/brokk_description'
[0.303s] INFO:colcon.colcon_core.shell:Skip shell extension 'powershell' for command environment: Not usable outside of PowerShell
[0.303s] DEBUG:colcon.colcon_core.shell:Skip shell extension 'dsv' for command environment
[0.305s] DEBUG:colcon.colcon_core.shell:Ignoring prefix path '/opt/ros/noetic'
[0.531s] INFO:colcon.colcon_core.task.python.build:Building Python package in '/home/achadansori/STM32CubeIDE/demolition_robot_development/brokk_demolition_sim/src/brokk_control'
[0.531s] INFO:colcon.colcon_core.shell:Skip shell extension 'powershell' for command environment: Not usable outside of PowerShell
[0.531s] DEBUG:colcon.colcon_core.shell:Skip shell extension 'dsv' for command environment
[0.533s] DEBUG:colcon.colcon_core.shell:Ignoring prefix path '/opt/ros/noetic'
[0.537s] DEBUG:colcon.colcon_core.event_handler.log_command:Invoking command in '/home/achadansori/STM32CubeIDE/demolition_robot_development/brokk_demolition_sim/build/brokk_description': CMAKE_PREFIX_PATH=/home/achadansori/STM32CubeIDE/demolition_robot_development/brokk_demolition_sim/install/brokk_description:/home/achadansori/STM32CubeIDE/demolition_robot_development/brokk_demolition_sim/install/brokk_control:/opt/ros/humble:/opt/ros/noetic /usr/bin/cmake --build /home/achadansori/STM32CubeIDE/demolition_robot_development/brokk_demolition_sim/build/brokk_description -- -j4 -l4
[0.551s] DEBUG:colcon.colcon_core.event_handler.log_command:Invoked command in '/home/achadansori/STM32CubeIDE/demolition_robot_development/brokk_demolition_sim/build/brokk_description' returned '0': CMAKE_PREFIX_PATH=/home/achadansori/STM32CubeIDE/demolition_robot_development/brokk_demolition_sim/install/brokk_description:/home/achadansori/STM32CubeIDE/demolition_robot_development/brokk_demolition_sim/install/brokk_control:/opt/ros/humble:/opt/ros/noetic /usr/bin/cmake --build /home/achadansori/STM32CubeIDE/demolition_robot_development/brokk_demolition_sim/build/brokk_description -- -j4 -l4
[0.556s] DEBUG:colcon.colcon_core.event_handler.log_command:Invoking command in '/home/achadansori/STM32CubeIDE/demolition_robot_development/brokk_demolition_sim/build/brokk_description': CMAKE_PREFIX_PATH=/home/achadansori/STM32CubeIDE/demolition_robot_development/brokk_demolition_sim/install/brokk_description:/home/achadansori/STM32CubeIDE/demolition_robot_development/brokk_demolition_sim/install/brokk_control:/opt/ros/humble:/opt/ros/noetic /usr/bin/cmake --install /home/achadansori/STM32CubeIDE/demolition_robot_development/brokk_demolition_sim/build/brokk_description
[0.565s] Level 1:colcon.colcon_core.environment:create_environment_scripts_only(brokk_description)
[0.566s] DEBUG:colcon.colcon_core.event_handler.log_command:Invoked command in '/home/achadansori/STM32CubeIDE/demolition_robot_development/brokk_demolition_sim/build/brokk_description' returned '0': CMAKE_PREFIX_PATH=/home/achadansori/STM32CubeIDE/demolition_robot_development/brokk_demolition_sim/install/brokk_description:/home/achadansori/STM32CubeIDE/demolition_robot_development/brokk_demolition_sim/install/brokk_control:/opt/ros/humble:/opt/ros/noetic /usr/bin/cmake --install /home/achadansori/STM32CubeIDE/demolition_robot_development/brokk_demolition_sim/build/brokk_description
[0.567s] Level 1:colcon.colcon_core.environment:checking '/home/achadansori/STM32CubeIDE/demolition_robot_development/brokk_demolition_sim/install/brokk_description' for CMake module files
[0.567s] Level 1:colcon.colcon_core.environment:checking '/home/achadansori/STM32CubeIDE/demolition_robot_development/brokk_demolition_sim/install/brokk_description' for CMake config files
[0.567s] Level 1:colcon.colcon_core.shell:create_environment_hook('brokk_description', 'cmake_prefix_path')
[0.567s] INFO:colcon.colcon_core.shell:Creating environment hook '/home/achadansori/STM32CubeIDE/demolition_robot_development/brokk_demolition_sim/install/brokk_description/share/brokk_description/hook/cmake_prefix_path.ps1'
[0.568s] INFO:colcon.colcon_core.shell:Creating environment descriptor '/home/achadansori/STM32CubeIDE/demolition_robot_development/brokk_demolition_sim/install/brokk_description/share/brokk_description/hook/cmake_prefix_path.dsv'
[0.568s] INFO:colcon.colcon_core.shell:Creating environment hook '/home/achadansori/STM32CubeIDE/demolition_robot_development/brokk_demolition_sim/install/brokk_description/share/brokk_description/hook/cmake_prefix_path.sh'
[0.569s] Level 1:colcon.colcon_core.environment:checking '/home/achadansori/STM32CubeIDE/demolition_robot_development/brokk_demolition_sim/install/brokk_description/bin'
[0.569s] Level 1:colcon.colcon_core.environment:checking '/home/achadansori/STM32CubeIDE/demolition_robot_development/brokk_demolition_sim/install/brokk_description/lib/pkgconfig/brokk_description.pc'
[0.569s] Level 1:colcon.colcon_core.environment:checking '/home/achadansori/STM32CubeIDE/demolition_robot_development/brokk_demolition_sim/install/brokk_description/lib/python3.10/site-packages'
[0.569s] Level 1:colcon.colcon_core.environment:checking '/home/achadansori/STM32CubeIDE/demolition_robot_development/brokk_demolition_sim/install/brokk_description/bin'
[0.569s] INFO:colcon.colcon_core.shell:Creating package script '/home/achadansori/STM32CubeIDE/demolition_robot_development/brokk_demolition_sim/install/brokk_description/share/brokk_description/package.ps1'
[0.570s] INFO:colcon.colcon_core.shell:Creating package descriptor '/home/achadansori/STM32CubeIDE/demolition_robot_development/brokk_demolition_sim/install/brokk_description/share/brokk_description/package.dsv'
[0.570s] INFO:colcon.colcon_core.shell:Creating package script '/home/achadansori/STM32CubeIDE/demolition_robot_development/brokk_demolition_sim/install/brokk_description/share/brokk_description/package.sh'
[0.571s] INFO:colcon.colcon_core.shell:Creating package script '/home/achadansori/STM32CubeIDE/demolition_robot_development/brokk_demolition_sim/install/brokk_description/share/brokk_description/package.bash'
[0.571s] INFO:colcon.colcon_core.shell:Creating package script '/home/achadansori/STM32CubeIDE/demolition_robot_development/brokk_demolition_sim/install/brokk_description/share/brokk_description/package.zsh'
[0.572s] Level 1:colcon.colcon_core.environment:create_file_with_runtime_dependencies(/home/achadansori/STM32CubeIDE/demolition_robot_development/brokk_demolition_sim/install/brokk_description/share/colcon-core/packages/brokk_description)
[0.572s] Level 1:colcon.colcon_core.environment:create_environment_scripts_only(brokk_description)
[0.572s] Level 1:colcon.colcon_core.environment:checking '/home/achadansori/STM32CubeIDE/demolition_robot_development/brokk_demolition_sim/install/brokk_description' for CMake module files
[0.572s] Level 1:colcon.colcon_core.environment:checking '/home/achadansori/STM32CubeIDE/demolition_robot_development/brokk_demolition_sim/install/brokk_description' for CMake config files
[0.573s] Level 1:colcon.colcon_core.shell:create_environment_hook('brokk_description', 'cmake_prefix_path')
[0.573s] INFO:colcon.colcon_core.shell:Creating environment hook '/home/achadansori/STM32CubeIDE/demolition_robot_development/brokk_demolition_sim/install/brokk_description/share/brokk_description/hook/cmake_prefix_path.ps1'
[0.573s] INFO:colcon.colcon_core.shell:Creating environment descriptor '/home/achadansori/STM32CubeIDE/demolition_robot_development/brokk_demolition_sim/install/brokk_description/share/brokk_description/hook/cmake_prefix_path.dsv'
[0.573s] INFO:colcon.colcon_core.shell:Creating environment hook '/home/achadansori/STM32CubeIDE/demolition_robot_development/brokk_demolition_sim/install/brokk_description/share/brokk_description/hook/cmake_prefix_path.sh'
[0.574s] Level 1:colcon.colcon_core.environment:checking '/home/achadansori/STM32CubeIDE/demolition_robot_development/brokk_demolition_sim/install/brokk_description/bin'
[0.574s] Level 1:colcon.colcon_core.environment:checking '/home/achadansori/STM32CubeIDE/demolition_robot_development/brokk_demolition_sim/install/brokk_description/lib/pkgconfig/brokk_description.pc'
[0.574s] Level 1:colcon.colcon_core.environment:checking '/home/achadansori/STM32CubeIDE/demolition_robot_development/brokk_demolition_sim/install/brokk_description/lib/python3.10/site-packages'
[0.574s] Level 1:colcon.colcon_core.environment:checking '/home/achadansori/STM32CubeIDE/demolition_robot_development/brokk_demolition_sim/install/brokk_description/bin'
[0.574s] INFO:colcon.colcon_core.shell:Creating package script '/home/achadansori/STM32CubeIDE/demolition_robot_development/brokk_demolition_sim/install/brokk_description/share/brokk_description/package.ps1'
[0.574s] INFO:colcon.colcon_core.shell:Creating package descriptor '/home/achadansori/STM32CubeIDE/demolition_robot_development/brokk_demolition_sim/install/brokk_description/share/brokk_description/package.dsv'
[0.575s] INFO:colcon.colcon_core.shell:Creating package script '/home/achadansori/STM32CubeIDE/demolition_robot_development/brokk_demolition_sim/install/brokk_description/share/brokk_description/package.sh'
[0.575s] INFO:colcon.colcon_core.shell:Creating package script '/home/achadansori/STM32CubeIDE/demolition_robot_development/brokk_demolition_sim/install/brokk_description/share/brokk_description/package.bash'
[0.575s] INFO:colcon.colcon_core.shell:Creating package script '/home/achadansori/STM32CubeIDE/demolition_robot_development/brokk_demolition_sim/install/brokk_description/share/brokk_description/package.zsh'
[0.575s] Level 1:colcon.colcon_core.environment:create_file_with_runtime_dependencies(/home/achadansori/STM32CubeIDE/demolition_robot_development/brokk_demolition_sim/install/brokk_description/share/colcon-core/packages/brokk_description)
[0.884s] DEBUG:colcon.colcon_core.event_handler.log_command:Invoking command in '/home/achadansori/STM32CubeIDE/demolition_robot_development/brokk_demolition_sim/build/brokk_control': PYTHONPATH=/home/achadansori/STM32CubeIDE/demolition_robot_development/brokk_demolition_sim/build/brokk_control/prefix_override:/usr/lib/python3/dist-packages/colcon_core/task/python/colcon_distutils_commands:/home/achadansori/STM32CubeIDE/demolition_robot_development/brokk_demolition_sim/install/brokk_control/lib/python3.10/site-packages:${PYTHONPATH} /usr/bin/python3 -W ignore:setup.py install is deprecated -W ignore:easy_install command is deprecated setup.py develop --editable --build-directory /home/achadansori/STM32CubeIDE/demolition_robot_development/brokk_demolition_sim/build/brokk_control/build --no-deps symlink_data
[1.332s] Level 1:colcon.colcon_core.shell:create_environment_hook('brokk_control', 'pythonpath_develop')
[1.333s] INFO:colcon.colcon_core.shell:Creating environment hook '/home/achadansori/STM32CubeIDE/demolition_robot_development/brokk_demolition_sim/build/brokk_control/share/brokk_control/hook/pythonpath_develop.ps1'
[1.333s] DEBUG:colcon.colcon_core.event_handler.log_command:Invoked command in '/home/achadansori/STM32CubeIDE/demolition_robot_development/brokk_demolition_sim/build/brokk_control' returned '0': PYTHONPATH=/home/achadansori/STM32CubeIDE/demolition_robot_development/brokk_demolition_sim/build/brokk_control/prefix_override:/usr/lib/python3/dist-packages/colcon_core/task/python/colcon_distutils_commands:/home/achadansori/STM32CubeIDE/demolition_robot_development/brokk_demolition_sim/install/brokk_control/lib/python3.10/site-packages:${PYTHONPATH} /usr/bin/python3 -W ignore:setup.py install is deprecated -W ignore:easy_install command is deprecated setup.py develop --editable --build-directory /home/achadansori/STM32CubeIDE/demolition_robot_development/brokk_demolition_sim/build/brokk_control/build --no-deps symlink_data
[1.333s] INFO:colcon.colcon_core.shell:Creating environment descriptor '/home/achadansori/STM32CubeIDE/demolition_robot_development/brokk_demolition_sim/build/brokk_control/share/brokk_control/hook/pythonpath_develop.dsv'
[1.334s] INFO:colcon.colcon_core.shell:Creating environment hook '/home/achadansori/STM32CubeIDE/demolition_robot_development/brokk_demolition_sim/build/brokk_control/share/brokk_control/hook/pythonpath_develop.sh'
[1.334s] Level 1:colcon.colcon_core.environment:checking '/home/achadansori/STM32CubeIDE/demolition_robot_development/brokk_demolition_sim/install/brokk_control' for CMake module files
[1.334s] Level 1:colcon.colcon_core.environment:checking '/home/achadansori/STM32CubeIDE/demolition_robot_development/brokk_demolition_sim/install/brokk_control' for CMake config files
[1.335s] Level 1:colcon.colcon_core.environment:checking '/home/achadansori/STM32CubeIDE/demolition_robot_development/brokk_demolition_sim/install/brokk_control/lib'
[1.335s] Level 1:colcon.colcon_core.environment:checking '/home/achadansori/STM32CubeIDE/demolition_robot_development/brokk_demolition_sim/install/brokk_control/bin'
[1.335s] Level 1:colcon.colcon_core.environment:checking '/home/achadansori/STM32CubeIDE/demolition_robot_development/brokk_demolition_sim/install/brokk_control/lib/pkgconfig/brokk_control.pc'
[1.335s] Level 1:colcon.colcon_core.environment:checking '/home/achadansori/STM32CubeIDE/demolition_robot_development/brokk_demolition_sim/install/brokk_control/lib/python3.10/site-packages'
[1.335s] Level 1:colcon.colcon_core.shell:create_environment_hook('brokk_control', 'pythonpath')
[1.335s] INFO:colcon.colcon_core.shell:Creating environment hook '/home/achadansori/STM32CubeIDE/demolition_robot_development/brokk_demolition_sim/install/brokk_control/share/brokk_control/hook/pythonpath.ps1'
[1.335s] INFO:colcon.colcon_core.shell:Creating environment descriptor '/home/achadansori/STM32CubeIDE/demolition_robot_development/brokk_demolition_sim/install/brokk_control/share/brokk_control/hook/pythonpath.dsv'
[1.336s] INFO:colcon.colcon_core.shell:Creating environment hook '/home/achadansori/STM32CubeIDE/demolition_robot_development/brokk_demolition_sim/install/brokk_control/share/brokk_control/hook/pythonpath.sh'
[1.336s] Level 1:colcon.colcon_core.environment:checking '/home/achadansori/STM32CubeIDE/demolition_robot_development/brokk_demolition_sim/install/brokk_control/bin'
[1.336s] Level 1:colcon.colcon_core.environment:create_environment_scripts_only(brokk_control)
[1.336s] INFO:colcon.colcon_core.shell:Creating package script '/home/achadansori/STM32CubeIDE/demolition_robot_development/brokk_demolition_sim/install/brokk_control/share/brokk_control/package.ps1'
[1.337s] INFO:colcon.colcon_core.shell:Creating package descriptor '/home/achadansori/STM32CubeIDE/demolition_robot_development/brokk_demolition_sim/install/brokk_control/share/brokk_control/package.dsv'
[1.337s] INFO:colcon.colcon_core.shell:Creating package script '/home/achadansori/STM32CubeIDE/demolition_robot_development/brokk_demolition_sim/install/brokk_control/share/brokk_control/package.sh'
[1.337s] INFO:colcon.colcon_core.shell:Creating package script '/home/achadansori/STM32CubeIDE/demolition_robot_development/brokk_demolition_sim/install/brokk_control/share/brokk_control/package.bash'
[1.337s] INFO:colcon.colcon_core.shell:Creating package script '/home/achadansori/STM32CubeIDE/demolition_robot_development/brokk_demolition_sim/install/brokk_control/share/brokk_control/package.zsh'
[1.338s] Level 1:colcon.colcon_core.environment:create_file_with_runtime_dependencies(/home/achadansori/STM32CubeIDE/demolition_robot_development/brokk_demolition_sim/install/brokk_control/share/colcon-core/packages/brokk_control)
[1.338s] DEBUG:colcon.colcon_parallel_executor.executor.parallel:closing loop
[1.338s] DEBUG:colcon.colcon_parallel_executor.executor.parallel:loop closed
[1.338s] DEBUG:colcon.colcon_parallel_executor.executor.parallel:run_until_complete finished with '0'
[1.338s] DEBUG:colcon.colcon_core.event_reactor:joining thread
[1.341s] INFO:colcon.colcon_core.plugin_system:Skipping extension 'colcon_notification.desktop_notification.terminal_notifier': Not used on non-Darwin systems
[1.342s] INFO:colcon.colcon_core.plugin_system:Skipping extension 'colcon_notification.desktop_notification.win32': Not used on non-Windows systems
[1.342s] INFO:colcon.colcon_notification.desktop_notification:Sending desktop notification using 'notify2'
[1.350s] DEBUG:colcon.colcon_core.event_reactor:joined thread
[1.350s] INFO:colcon.colcon_core.shell:Creating prefix script '/home/achadansori/STM32CubeIDE/demolition_robot_development/brokk_demolition_sim/install/local_setup.ps1'
[1.351s] INFO:colcon.colcon_core.shell:Creating prefix util module '/home/achadansori/STM32CubeIDE/demolition_robot_development/brokk_demolition_sim/install/_local_setup_util_ps1.py'
[1.352s] INFO:colcon.colcon_core.shell:Creating prefix chain script '/home/achadansori/STM32CubeIDE/demolition_robot_development/brokk_demolition_sim/install/setup.ps1'
[1.352s] INFO:colcon.colcon_core.shell:Creating prefix script '/home/achadansori/STM32CubeIDE/demolition_robot_development/brokk_demolition_sim/install/local_setup.sh'
[1.353s] INFO:colcon.colcon_core.shell:Creating prefix util module '/home/achadansori/STM32CubeIDE/demolition_robot_development/brokk_demolition_sim/install/_local_setup_util_sh.py'
[1.353s] INFO:colcon.colcon_core.shell:Creating prefix chain script '/home/achadansori/STM32CubeIDE/demolition_robot_development/brokk_demolition_sim/install/setup.sh'
[1.354s] INFO:colcon.colcon_core.shell:Creating prefix script '/home/achadansori/STM32CubeIDE/demolition_robot_development/brokk_demolition_sim/install/local_setup.bash'
[1.354s] INFO:colcon.colcon_core.shell:Creating prefix chain script '/home/achadansori/STM32CubeIDE/demolition_robot_development/brokk_demolition_sim/install/setup.bash'
[1.355s] INFO:colcon.colcon_core.shell:Creating prefix script '/home/achadansori/STM32CubeIDE/demolition_robot_development/brokk_demolition_sim/install/local_setup.zsh'
[1.355s] INFO:colcon.colcon_core.shell:Creating prefix chain script '/home/achadansori/STM32CubeIDE/demolition_robot_development/brokk_demolition_sim/install/setup.zsh'
