[0.229s] Invoking command in '/home/achadansori/STM32CubeIDE/demolition_robot_development/build/brokk_description': CMAKE_PREFIX_PATH=/opt/ros/humble:${CMAKE_PREFIX_PATH} /usr/bin/cmake /home/achadansori/STM32CubeIDE/demolition_robot_development/brokk_demolition_sim/src/brokk_description -DAMENT_CMAKE_SYMLINK_INSTALL=1 -DCMAKE_INSTALL_PREFIX=/home/achadansori/STM32CubeIDE/demolition_robot_development/install/brokk_description
[0.303s] -- The C compiler identification is GNU 11.4.0
[0.417s] -- The CXX compiler identification is GNU 11.4.0
[0.492s] -- Detecting C compiler ABI info
[0.591s] -- Detecting C compiler ABI info - done
[0.602s] -- Check for working C compiler: /usr/lib/ccache/cc - skipped
[0.602s] -- Detecting C compile features
[0.604s] -- Detecting C compile features - done
[0.606s] -- Detecting CXX compiler ABI info
[0.797s] -- Detecting CXX compiler ABI info - done
[0.809s] -- Check for working CXX compiler: /usr/lib/ccache/c++ - skipped
[0.809s] -- Detecting CXX compile features
[0.810s] -- Detecting CXX compile features - done
[0.812s] -- Found ament_cmake: 1.3.12 (/opt/ros/humble/share/ament_cmake/cmake)
[0.903s] -- Found Python3: /usr/bin/python3 (found version "3.10.12") found components: Interpreter 
[0.953s] -- Override CMake install command with custom implementation using symlinks instead of copying resources
[1.026s] -- Configuring done
[1.028s] -- Generating done
[1.030s] -- Build files have been written to: /home/achadansori/STM32CubeIDE/demolition_robot_development/build/brokk_description
[1.035s] Invoked command in '/home/achadansori/STM32CubeIDE/demolition_robot_development/build/brokk_description' returned '0': CMAKE_PREFIX_PATH=/opt/ros/humble:${CMAKE_PREFIX_PATH} /usr/bin/cmake /home/achadansori/STM32CubeIDE/demolition_robot_development/brokk_demolition_sim/src/brokk_description -DAMENT_CMAKE_SYMLINK_INSTALL=1 -DCMAKE_INSTALL_PREFIX=/home/achadansori/STM32CubeIDE/demolition_robot_development/install/brokk_description
[1.036s] Invoking command in '/home/achadansori/STM32CubeIDE/demolition_robot_development/build/brokk_description': CMAKE_PREFIX_PATH=/opt/ros/humble:${CMAKE_PREFIX_PATH} /usr/bin/cmake --build /home/achadansori/STM32CubeIDE/demolition_robot_development/build/brokk_description -- -j4 -l4
[1.051s] Invoked command in '/home/achadansori/STM32CubeIDE/demolition_robot_development/build/brokk_description' returned '0': CMAKE_PREFIX_PATH=/opt/ros/humble:${CMAKE_PREFIX_PATH} /usr/bin/cmake --build /home/achadansori/STM32CubeIDE/demolition_robot_development/build/brokk_description -- -j4 -l4
[1.056s] Invoking command in '/home/achadansori/STM32CubeIDE/demolition_robot_development/build/brokk_description': CMAKE_PREFIX_PATH=/opt/ros/humble:${CMAKE_PREFIX_PATH} /usr/bin/cmake --install /home/achadansori/STM32CubeIDE/demolition_robot_development/build/brokk_description
[1.059s] -- Install configuration: ""
[1.060s] -- Execute custom install script
[1.060s] -- Symlinking: /home/achadansori/STM32CubeIDE/demolition_robot_development/install/brokk_description/share/brokk_description//urdf/brokk_robot.urdf.xacro
[1.063s] [31mCMake Error at ament_cmake_symlink_install/ament_cmake_symlink_install.cmake:100 (message):
[1.063s]   ament_cmake_symlink_install_directory() can't find
[1.063s]   '/home/achadansori/STM32CubeIDE/demolition_robot_development/brokk_demolition_sim/src/brokk_description/meshes'
[1.063s] Call Stack (most recent call first):
[1.063s]   ament_cmake_symlink_install/ament_cmake_symlink_install.cmake:314 (ament_cmake_symlink_install_directory)
[1.063s]   cmake_install.cmake:46 (include)
[1.063s] 
[1.063s] [0m
[1.066s] Invoked command in '/home/achadansori/STM32CubeIDE/demolition_robot_development/build/brokk_description' returned '1': CMAKE_PREFIX_PATH=/opt/ros/humble:${CMAKE_PREFIX_PATH} /usr/bin/cmake --install /home/achadansori/STM32CubeIDE/demolition_robot_development/build/brokk_description
