[0.234s] Invoking command in '/home/achadansori/STM32CubeIDE/demolition_robot_development/brokk_demolition_sim/build/brokk_description': CMAKE_PREFIX_PATH=/home/achadansori/STM32CubeIDE/demolition_robot_development/brokk_demolition_sim/install/brokk_description:/home/achadansori/STM32CubeIDE/demolition_robot_development/brokk_demolition_sim/install/brokk_control:/opt/ros/humble:/opt/ros/noetic /usr/bin/cmake --build /home/achadansori/STM32CubeIDE/demolition_robot_development/brokk_demolition_sim/build/brokk_description -- -j4 -l4
[0.249s] Invoked command in '/home/achadansori/STM32CubeIDE/demolition_robot_development/brokk_demolition_sim/build/brokk_description' returned '0': CMAKE_PREFIX_PATH=/home/achadansori/STM32CubeIDE/demolition_robot_development/brokk_demolition_sim/install/brokk_description:/home/achadansori/STM32CubeIDE/demolition_robot_development/brokk_demolition_sim/install/brokk_control:/opt/ros/humble:/opt/ros/noetic /usr/bin/cmake --build /home/achadansori/STM32CubeIDE/demolition_robot_development/brokk_demolition_sim/build/brokk_description -- -j4 -l4
[0.253s] Invoking command in '/home/achadansori/STM32CubeIDE/demolition_robot_development/brokk_demolition_sim/build/brokk_description': CMAKE_PREFIX_PATH=/home/achadansori/STM32CubeIDE/demolition_robot_development/brokk_demolition_sim/install/brokk_description:/home/achadansori/STM32CubeIDE/demolition_robot_development/brokk_demolition_sim/install/brokk_control:/opt/ros/humble:/opt/ros/noetic /usr/bin/cmake --install /home/achadansori/STM32CubeIDE/demolition_robot_development/brokk_demolition_sim/build/brokk_description
[0.256s] -- Install configuration: ""
[0.256s] -- Execute custom install script
[0.257s] -- Up-to-date symlink: /home/achadansori/STM32CubeIDE/demolition_robot_development/brokk_demolition_sim/install/brokk_description/share/brokk_description//urdf/brokk_robot.urdf.xacro
[0.257s] -- Up-to-date symlink: /home/achadansori/STM32CubeIDE/demolition_robot_development/brokk_demolition_sim/install/brokk_description/share/brokk_description//launch/display.launch.py
[0.257s] -- Up-to-date symlink: /home/achadansori/STM32CubeIDE/demolition_robot_development/brokk_demolition_sim/install/brokk_description/share/brokk_description//rviz/brokk_view.rviz
[0.257s] -- Up-to-date symlink: /home/achadansori/STM32CubeIDE/demolition_robot_development/brokk_demolition_sim/install/brokk_description/share/ament_index/resource_index/package_run_dependencies/brokk_description
[0.257s] -- Up-to-date symlink: /home/achadansori/STM32CubeIDE/demolition_robot_development/brokk_demolition_sim/install/brokk_description/share/ament_index/resource_index/parent_prefix_path/brokk_description
[0.257s] -- Up-to-date symlink: /home/achadansori/STM32CubeIDE/demolition_robot_development/brokk_demolition_sim/install/brokk_description/share/brokk_description/environment/ament_prefix_path.sh
[0.257s] -- Up-to-date symlink: /home/achadansori/STM32CubeIDE/demolition_robot_development/brokk_demolition_sim/install/brokk_description/share/brokk_description/environment/ament_prefix_path.dsv
[0.257s] -- Up-to-date symlink: /home/achadansori/STM32CubeIDE/demolition_robot_development/brokk_demolition_sim/install/brokk_description/share/brokk_description/environment/path.sh
[0.258s] -- Up-to-date symlink: /home/achadansori/STM32CubeIDE/demolition_robot_development/brokk_demolition_sim/install/brokk_description/share/brokk_description/environment/path.dsv
[0.258s] -- Up-to-date symlink: /home/achadansori/STM32CubeIDE/demolition_robot_development/brokk_demolition_sim/install/brokk_description/share/brokk_description/local_setup.bash
[0.258s] -- Up-to-date symlink: /home/achadansori/STM32CubeIDE/demolition_robot_development/brokk_demolition_sim/install/brokk_description/share/brokk_description/local_setup.sh
[0.258s] -- Up-to-date symlink: /home/achadansori/STM32CubeIDE/demolition_robot_development/brokk_demolition_sim/install/brokk_description/share/brokk_description/local_setup.zsh
[0.258s] -- Up-to-date symlink: /home/achadansori/STM32CubeIDE/demolition_robot_development/brokk_demolition_sim/install/brokk_description/share/brokk_description/local_setup.dsv
[0.258s] -- Symlinking: /home/achadansori/STM32CubeIDE/demolition_robot_development/brokk_demolition_sim/install/brokk_description/share/brokk_description/package.dsv
[0.261s] -- Up-to-date symlink: /home/achadansori/STM32CubeIDE/demolition_robot_development/brokk_demolition_sim/install/brokk_description/share/ament_index/resource_index/packages/brokk_description
[0.261s] -- Up-to-date symlink: /home/achadansori/STM32CubeIDE/demolition_robot_development/brokk_demolition_sim/install/brokk_description/share/brokk_description/cmake/brokk_descriptionConfig.cmake
[0.261s] -- Up-to-date symlink: /home/achadansori/STM32CubeIDE/demolition_robot_development/brokk_demolition_sim/install/brokk_description/share/brokk_description/cmake/brokk_descriptionConfig-version.cmake
[0.262s] -- Up-to-date symlink: /home/achadansori/STM32CubeIDE/demolition_robot_development/brokk_demolition_sim/install/brokk_description/share/brokk_description/package.xml
[0.264s] Invoked command in '/home/achadansori/STM32CubeIDE/demolition_robot_development/brokk_demolition_sim/build/brokk_description' returned '0': CMAKE_PREFIX_PATH=/home/achadansori/STM32CubeIDE/demolition_robot_development/brokk_demolition_sim/install/brokk_description:/home/achadansori/STM32CubeIDE/demolition_robot_development/brokk_demolition_sim/install/brokk_control:/opt/ros/humble:/opt/ros/noetic /usr/bin/cmake --install /home/achadansori/STM32CubeIDE/demolition_robot_development/brokk_demolition_sim/build/brokk_description
