-- The C compiler identification is GNU 11.4.0
-- The CXX compiler identification is GNU 11.4.0
-- Detecting C compiler ABI info
-- Detecting C compiler ABI info - done
-- Check for working C compiler: /usr/lib/ccache/cc - skipped
-- Detecting C compile features
-- Detecting C compile features - done
-- Detecting CXX compiler ABI info
-- Detecting CXX compiler ABI info - done
-- Check for working CXX compiler: /usr/lib/ccache/c++ - skipped
-- Detecting CXX compile features
-- Detecting CXX compile features - done
-- Found ament_cmake: 1.3.12 (/opt/ros/humble/share/ament_cmake/cmake)
-- Found Python3: /usr/bin/python3 (found version "3.10.12") found components: Interpreter 
-- Override CMake install command with custom implementation using symlinks instead of copying resources
-- Configuring done
-- Generating done
-- Build files have been written to: /home/achadansori/STM32CubeIDE/demolition_robot_development/brokk_demolition_sim/build/brokk_description
-- Install configuration: ""
-- Execute custom install script
-- Symlinking: /home/achadansori/STM32CubeIDE/demolition_robot_development/brokk_demolition_sim/install/brokk_description/share/brokk_description//urdf/brokk_robot.urdf.xacro
-- Symlinking: /home/achadansori/STM32CubeIDE/demolition_robot_development/brokk_demolition_sim/install/brokk_description/share/brokk_description//launch/display.launch.py
-- Symlinking: /home/achadansori/STM32CubeIDE/demolition_robot_development/brokk_demolition_sim/install/brokk_description/share/brokk_description//rviz/brokk_view.rviz
-- Symlinking: /home/achadansori/STM32CubeIDE/demolition_robot_development/brokk_demolition_sim/install/brokk_description/share/ament_index/resource_index/package_run_dependencies/brokk_description
-- Symlinking: /home/achadansori/STM32CubeIDE/demolition_robot_development/brokk_demolition_sim/install/brokk_description/share/ament_index/resource_index/parent_prefix_path/brokk_description
-- Symlinking: /home/achadansori/STM32CubeIDE/demolition_robot_development/brokk_demolition_sim/install/brokk_description/share/brokk_description/environment/ament_prefix_path.sh
-- Symlinking: /home/achadansori/STM32CubeIDE/demolition_robot_development/brokk_demolition_sim/install/brokk_description/share/brokk_description/environment/ament_prefix_path.dsv
-- Symlinking: /home/achadansori/STM32CubeIDE/demolition_robot_development/brokk_demolition_sim/install/brokk_description/share/brokk_description/environment/path.sh
-- Symlinking: /home/achadansori/STM32CubeIDE/demolition_robot_development/brokk_demolition_sim/install/brokk_description/share/brokk_description/environment/path.dsv
-- Symlinking: /home/achadansori/STM32CubeIDE/demolition_robot_development/brokk_demolition_sim/install/brokk_description/share/brokk_description/local_setup.bash
-- Symlinking: /home/achadansori/STM32CubeIDE/demolition_robot_development/brokk_demolition_sim/install/brokk_description/share/brokk_description/local_setup.sh
-- Symlinking: /home/achadansori/STM32CubeIDE/demolition_robot_development/brokk_demolition_sim/install/brokk_description/share/brokk_description/local_setup.zsh
-- Symlinking: /home/achadansori/STM32CubeIDE/demolition_robot_development/brokk_demolition_sim/install/brokk_description/share/brokk_description/local_setup.dsv
-- Symlinking: /home/achadansori/STM32CubeIDE/demolition_robot_development/brokk_demolition_sim/install/brokk_description/share/brokk_description/package.dsv
-- Symlinking: /home/achadansori/STM32CubeIDE/demolition_robot_development/brokk_demolition_sim/install/brokk_description/share/ament_index/resource_index/packages/brokk_description
-- Symlinking: /home/achadansori/STM32CubeIDE/demolition_robot_development/brokk_demolition_sim/install/brokk_description/share/brokk_description/cmake/brokk_descriptionConfig.cmake
-- Symlinking: /home/achadansori/STM32CubeIDE/demolition_robot_development/brokk_demolition_sim/install/brokk_description/share/brokk_description/cmake/brokk_descriptionConfig-version.cmake
-- Symlinking: /home/achadansori/STM32CubeIDE/demolition_robot_development/brokk_demolition_sim/install/brokk_description/share/brokk_description/package.xml
