[0.233s] Invoking command in '/home/achadansori/STM32CubeIDE/demolition_robot_development/brokk_demolition_sim/build/brokk_description': CMAKE_PREFIX_PATH=/opt/ros/humble:${CMAKE_PREFIX_PATH} /usr/bin/cmake /home/achadansori/STM32CubeIDE/demolition_robot_development/brokk_demolition_sim/src/brokk_description -DAMENT_CMAKE_SYMLINK_INSTALL=1 -DCMAKE_INSTALL_PREFIX=/home/achadansori/STM32CubeIDE/demolition_robot_development/brokk_demolition_sim/install/brokk_description
[0.276s] -- The C compiler identification is GNU 11.4.0
[0.327s] -- The CXX compiler identification is GNU 11.4.0
[0.338s] -- Detecting C compiler ABI info
[0.381s] -- Detecting C compiler ABI info - done
[0.386s] -- Check for working C compiler: /usr/lib/ccache/cc - skipped
[0.387s] -- Detecting C compile features
[0.387s] -- Detecting C compile features - done
[0.389s] -- Detecting CXX compiler ABI info
[0.433s] -- Detecting CXX compiler ABI info - done
[0.439s] -- Check for working CXX compiler: /usr/lib/ccache/c++ - skipped
[0.439s] -- Detecting CXX compile features
[0.440s] -- Detecting CXX compile features - done
[0.441s] -- Found ament_cmake: 1.3.12 (/opt/ros/humble/share/ament_cmake/cmake)
[0.530s] -- Found Python3: /usr/bin/python3 (found version "3.10.12") found components: Interpreter 
[0.579s] -- Override CMake install command with custom implementation using symlinks instead of copying resources
[0.656s] -- Configuring done
[0.658s] -- Generating done
[0.660s] -- Build files have been written to: /home/achadansori/STM32CubeIDE/demolition_robot_development/brokk_demolition_sim/build/brokk_description
[0.664s] Invoked command in '/home/achadansori/STM32CubeIDE/demolition_robot_development/brokk_demolition_sim/build/brokk_description' returned '0': CMAKE_PREFIX_PATH=/opt/ros/humble:${CMAKE_PREFIX_PATH} /usr/bin/cmake /home/achadansori/STM32CubeIDE/demolition_robot_development/brokk_demolition_sim/src/brokk_description -DAMENT_CMAKE_SYMLINK_INSTALL=1 -DCMAKE_INSTALL_PREFIX=/home/achadansori/STM32CubeIDE/demolition_robot_development/brokk_demolition_sim/install/brokk_description
[0.666s] Invoking command in '/home/achadansori/STM32CubeIDE/demolition_robot_development/brokk_demolition_sim/build/brokk_description': CMAKE_PREFIX_PATH=/opt/ros/humble:${CMAKE_PREFIX_PATH} /usr/bin/cmake --build /home/achadansori/STM32CubeIDE/demolition_robot_development/brokk_demolition_sim/build/brokk_description -- -j4 -l4
[0.681s] Invoked command in '/home/achadansori/STM32CubeIDE/demolition_robot_development/brokk_demolition_sim/build/brokk_description' returned '0': CMAKE_PREFIX_PATH=/opt/ros/humble:${CMAKE_PREFIX_PATH} /usr/bin/cmake --build /home/achadansori/STM32CubeIDE/demolition_robot_development/brokk_demolition_sim/build/brokk_description -- -j4 -l4
[0.686s] Invoking command in '/home/achadansori/STM32CubeIDE/demolition_robot_development/brokk_demolition_sim/build/brokk_description': CMAKE_PREFIX_PATH=/opt/ros/humble:${CMAKE_PREFIX_PATH} /usr/bin/cmake --install /home/achadansori/STM32CubeIDE/demolition_robot_development/brokk_demolition_sim/build/brokk_description
[0.689s] -- Install configuration: ""
[0.689s] -- Execute custom install script
[0.690s] -- Symlinking: /home/achadansori/STM32CubeIDE/demolition_robot_development/brokk_demolition_sim/install/brokk_description/share/brokk_description//urdf/brokk_robot.urdf.xacro
[0.693s] -- Symlinking: /home/achadansori/STM32CubeIDE/demolition_robot_development/brokk_demolition_sim/install/brokk_description/share/brokk_description//launch/display.launch.py
[0.696s] -- Symlinking: /home/achadansori/STM32CubeIDE/demolition_robot_development/brokk_demolition_sim/install/brokk_description/share/brokk_description//rviz/brokk_view.rviz
[0.699s] -- Symlinking: /home/achadansori/STM32CubeIDE/demolition_robot_development/brokk_demolition_sim/install/brokk_description/share/ament_index/resource_index/package_run_dependencies/brokk_description
[0.701s] -- Symlinking: /home/achadansori/STM32CubeIDE/demolition_robot_development/brokk_demolition_sim/install/brokk_description/share/ament_index/resource_index/parent_prefix_path/brokk_description
[0.705s] -- Symlinking: /home/achadansori/STM32CubeIDE/demolition_robot_development/brokk_demolition_sim/install/brokk_description/share/brokk_description/environment/ament_prefix_path.sh
[0.708s] -- Symlinking: /home/achadansori/STM32CubeIDE/demolition_robot_development/brokk_demolition_sim/install/brokk_description/share/brokk_description/environment/ament_prefix_path.dsv
[0.711s] -- Symlinking: /home/achadansori/STM32CubeIDE/demolition_robot_development/brokk_demolition_sim/install/brokk_description/share/brokk_description/environment/path.sh
[0.714s] -- Symlinking: /home/achadansori/STM32CubeIDE/demolition_robot_development/brokk_demolition_sim/install/brokk_description/share/brokk_description/environment/path.dsv
[0.716s] -- Symlinking: /home/achadansori/STM32CubeIDE/demolition_robot_development/brokk_demolition_sim/install/brokk_description/share/brokk_description/local_setup.bash
[0.719s] -- Symlinking: /home/achadansori/STM32CubeIDE/demolition_robot_development/brokk_demolition_sim/install/brokk_description/share/brokk_description/local_setup.sh
[0.723s] -- Symlinking: /home/achadansori/STM32CubeIDE/demolition_robot_development/brokk_demolition_sim/install/brokk_description/share/brokk_description/local_setup.zsh
[0.726s] -- Symlinking: /home/achadansori/STM32CubeIDE/demolition_robot_development/brokk_demolition_sim/install/brokk_description/share/brokk_description/local_setup.dsv
[0.730s] -- Symlinking: /home/achadansori/STM32CubeIDE/demolition_robot_development/brokk_demolition_sim/install/brokk_description/share/brokk_description/package.dsv
[0.733s] -- Symlinking: /home/achadansori/STM32CubeIDE/demolition_robot_development/brokk_demolition_sim/install/brokk_description/share/ament_index/resource_index/packages/brokk_description
[0.735s] -- Symlinking: /home/achadansori/STM32CubeIDE/demolition_robot_development/brokk_demolition_sim/install/brokk_description/share/brokk_description/cmake/brokk_descriptionConfig.cmake
[0.739s] -- Symlinking: /home/achadansori/STM32CubeIDE/demolition_robot_development/brokk_demolition_sim/install/brokk_description/share/brokk_description/cmake/brokk_descriptionConfig-version.cmake
[0.743s] -- Symlinking: /home/achadansori/STM32CubeIDE/demolition_robot_development/brokk_demolition_sim/install/brokk_description/share/brokk_description/package.xml
[0.748s] Invoked command in '/home/achadansori/STM32CubeIDE/demolition_robot_development/brokk_demolition_sim/build/brokk_description' returned '0': CMAKE_PREFIX_PATH=/opt/ros/humble:${CMAKE_PREFIX_PATH} /usr/bin/cmake --install /home/achadansori/STM32CubeIDE/demolition_robot_development/brokk_demolition_sim/build/brokk_description
