[0.628s] Invoking command in '/home/achadansori/STM32CubeIDE/demolition_robot_development/brokk_demolition_sim/build/brokk_control': PYTHONPATH=/home/achadansori/STM32CubeIDE/demolition_robot_development/brokk_demolition_sim/build/brokk_control/prefix_override:/usr/lib/python3/dist-packages/colcon_core/task/python/colcon_distutils_commands:/home/achadansori/STM32CubeIDE/demolition_robot_development/brokk_demolition_sim/install/brokk_control/lib/python3.10/site-packages:${PYTHONPATH} /usr/bin/python3 -W ignore:setup.py install is deprecated -W ignore:easy_install command is deprecated setup.py develop --editable --build-directory /home/achadansori/STM32CubeIDE/demolition_robot_development/brokk_demolition_sim/build/brokk_control/build --no-deps symlink_data
[0.869s] running develop
[0.926s] /usr/lib/python3/dist-packages/pkg_resources/__init__.py:116: PkgResourcesDeprecationWarning: 1.12.1-git20200711.33e2d80-dfsg1-0.6 is an invalid version and will not be supported in a future release
[0.926s]   warnings.warn(
[1.038s] running egg_info
[1.038s] creating brokk_control.egg-info
[1.038s] writing brokk_control.egg-info/PKG-INFO
[1.039s] writing dependency_links to brokk_control.egg-info/dependency_links.txt
[1.039s] writing entry points to brokk_control.egg-info/entry_points.txt
[1.039s] writing requirements to brokk_control.egg-info/requires.txt
[1.039s] writing top-level names to brokk_control.egg-info/top_level.txt
[1.039s] writing manifest file 'brokk_control.egg-info/SOURCES.txt'
[1.040s] reading manifest file 'brokk_control.egg-info/SOURCES.txt'
[1.041s] writing manifest file 'brokk_control.egg-info/SOURCES.txt'
[1.065s] running build_ext
[1.065s] Creating /home/achadansori/STM32CubeIDE/demolition_robot_development/brokk_demolition_sim/install/brokk_control/lib/python3.10/site-packages/brokk-control.egg-link (link to .)
[1.066s] Installing joint_controller script to /home/achadansori/STM32CubeIDE/demolition_robot_development/brokk_demolition_sim/install/brokk_control/lib/brokk_control
[1.066s] Installing serial_bridge script to /home/achadansori/STM32CubeIDE/demolition_robot_development/brokk_demolition_sim/install/brokk_control/lib/brokk_control
[1.066s] 
[1.066s] Installed /home/achadansori/STM32CubeIDE/demolition_robot_development/brokk_demolition_sim/build/brokk_control
[1.066s] running symlink_data
[1.067s] creating /home/achadansori/STM32CubeIDE/demolition_robot_development/brokk_demolition_sim/install/brokk_control/share/ament_index
[1.067s] creating /home/achadansori/STM32CubeIDE/demolition_robot_development/brokk_demolition_sim/install/brokk_control/share/ament_index/resource_index
[1.067s] creating /home/achadansori/STM32CubeIDE/demolition_robot_development/brokk_demolition_sim/install/brokk_control/share/ament_index/resource_index/packages
[1.067s] symbolically linking /home/achadansori/STM32CubeIDE/demolition_robot_development/brokk_demolition_sim/build/brokk_control/resource/brokk_control -> /home/achadansori/STM32CubeIDE/demolition_robot_development/brokk_demolition_sim/install/brokk_control/share/ament_index/resource_index/packages
[1.067s] symbolically linking /home/achadansori/STM32CubeIDE/demolition_robot_development/brokk_demolition_sim/build/brokk_control/package.xml -> /home/achadansori/STM32CubeIDE/demolition_robot_development/brokk_demolition_sim/install/brokk_control/share/brokk_control
[1.067s] creating /home/achadansori/STM32CubeIDE/demolition_robot_development/brokk_demolition_sim/install/brokk_control/share/brokk_control/launch
[1.067s] symbolically linking /home/achadansori/STM32CubeIDE/demolition_robot_development/brokk_demolition_sim/build/brokk_control/launch/simulation.launch.py -> /home/achadansori/STM32CubeIDE/demolition_robot_development/brokk_demolition_sim/install/brokk_control/share/brokk_control/launch
[1.067s] symbolically linking /home/achadansori/STM32CubeIDE/demolition_robot_development/brokk_demolition_sim/build/brokk_control/launch/hardware.launch.py -> /home/achadansori/STM32CubeIDE/demolition_robot_development/brokk_demolition_sim/install/brokk_control/share/brokk_control/launch
[1.067s] symbolically linking /home/achadansori/STM32CubeIDE/demolition_robot_development/brokk_demolition_sim/build/brokk_control/launch/hybrid.launch.py -> /home/achadansori/STM32CubeIDE/demolition_robot_development/brokk_demolition_sim/install/brokk_control/share/brokk_control/launch
[1.101s] Invoked command in '/home/achadansori/STM32CubeIDE/demolition_robot_development/brokk_demolition_sim/build/brokk_control' returned '0': PYTHONPATH=/home/achadansori/STM32CubeIDE/demolition_robot_development/brokk_demolition_sim/build/brokk_control/prefix_override:/usr/lib/python3/dist-packages/colcon_core/task/python/colcon_distutils_commands:/home/achadansori/STM32CubeIDE/demolition_robot_development/brokk_demolition_sim/install/brokk_control/lib/python3.10/site-packages:${PYTHONPATH} /usr/bin/python3 -W ignore:setup.py install is deprecated -W ignore:easy_install command is deprecated setup.py develop --editable --build-directory /home/achadansori/STM32CubeIDE/demolition_robot_development/brokk_demolition_sim/build/brokk_control/build --no-deps symlink_data
